--- UPLOAD TEST ---
Array
(
    [SecurityID] => 27445d8709eb5900f7faeb99e24c8b1a8bf03566
    [action_doUpload] => Submit
)
--- UPLOAD TEST ---
Array
(
    [SecurityID] => 27445d8709eb5900f7faeb99e24c8b1a8bf03566
    [action_doUpload] => Submit
)
--- UPLOAD TEST ---
Array
(
    [SecurityID] => 27445d8709eb5900f7faeb99e24c8b1a8bf03566
    [action_doUpload] => Submit
)
--- UPLOAD TEST ---
Array
(
    [SecurityID] => 27445d8709eb5900f7faeb99e24c8b1a8bf03566
    [action_doUpload] => Submit
)
--- UPLOAD TEST ---
Array
(
    [SecurityID] => 27445d8709eb5900f7faeb99e24c8b1a8bf03566
    [action_doUpload] => Submit
)
--- UPLOAD TEST ---
Array
(
    [SecurityID] => 27445d8709eb5900f7faeb99e24c8b1a8bf03566
    [action_doUpload] => Submit
)
